{"level":"debug","message":"Logger is running in development mode","timestamp":"2026-06-22 10:46:02"}
{"level":"debug","message":"Logger is running in development mode","timestamp":"2026-06-22 10:46:11"}
{"level":"debug","message":"Logger is running in development mode","timestamp":"2026-06-22 10:46:38"}
{"level":"debug","message":"Logger is running in development mode","timestamp":"2026-06-22 10:46:46"}
{"level":"debug","message":"Logger is running in development mode","timestamp":"2026-06-22 10:47:08"}
{"level":"debug","message":"Logger is running in development mode","timestamp":"2026-06-22 11:00:21"}
{"level":"debug","message":"Logger is running in development mode","timestamp":"2026-06-22 11:00:21"}
{"level":"debug","message":"Logger is running in development mode","timestamp":"2026-06-22 11:00:57"}
{"level":"debug","message":"Logger is running in development mode","timestamp":"2026-06-22 11:00:57"}
{"level":"debug","message":"Logger is running in development mode","timestamp":"2026-06-22 11:01:07"}
{"level":"info","message":"Server is running on port 3000... ","timestamp":"2026-06-22 11:01:07"}
{"level":"debug","message":"Logger is running in development mode","timestamp":"2026-06-22 11:01:07"}
{"level":"info","message":"Server is running on port 3000... ","timestamp":"2026-06-22 11:01:07"}
{"level":"debug","message":"Logger is running in development mode","timestamp":"2026-06-22 11:01:29"}
{"level":"info","message":"Server is running on port 3000... ","timestamp":"2026-06-22 11:01:29"}
{"level":"debug","message":"Logger is running in development mode","timestamp":"2026-06-22 11:01:47"}
{"level":"info","message":"Server is running on port 3000... ","timestamp":"2026-06-22 11:01:47"}
{"level":"debug","message":"Logger is running in development mode","timestamp":"2026-06-22 11:03:04"}
{"level":"info","message":"Server is running on port 3000... ","timestamp":"2026-06-22 11:03:04"}
{"level":"debug","message":"Logger is running in development mode","timestamp":"2026-06-22 11:03:29"}
{"level":"info","message":"Server is running on port 3000... ","timestamp":"2026-06-22 11:03:29"}
{"level":"debug","message":"Logger is running in development mode","timestamp":"2026-06-22 11:03:48"}
{"level":"info","message":"Server is running on port 3000... ","timestamp":"2026-06-22 11:03:48"}
{"level":"debug","message":"Logger is running in development mode","timestamp":"2026-06-22 11:03:56"}
{"level":"info","message":"Server is running on port 3000... ","timestamp":"2026-06-22 11:03:56"}
{"level":"debug","message":"Logger is running in development mode","timestamp":"2026-06-22 11:04:02"}
{"level":"info","message":"Server is running on port 3000... ","timestamp":"2026-06-22 11:04:02"}
{"level":"info","message":"::1 - - [22/Jun/2026:04:34:23 +0000] \"GET /api/users/ HTTP/1.1\" 404 149 \"-\" \"PostmanRuntime/7.54.0\"","timestamp":"2026-06-22 11:04:23"}
{"level":"debug","message":"Logger is running in development mode","timestamp":"2026-06-22 11:05:35"}
{"level":"info","message":"Server is running on port 3000... ","timestamp":"2026-06-22 11:05:35"}
{"level":"debug","message":"Logger is running in development mode","timestamp":"2026-06-22 11:05:41"}
{"level":"info","message":"Server is running on port 3000... ","timestamp":"2026-06-22 11:05:41"}
{"level":"info","message":"::1 - - [22/Jun/2026:04:35:42 +0000] \"GET /api/users/ HTTP/1.1\" 404 149 \"-\" \"PostmanRuntime/7.54.0\"","timestamp":"2026-06-22 11:05:42"}
{"level":"info","message":"::1 - - [22/Jun/2026:04:35:54 +0000] \"GET /users/ HTTP/1.1\" 200 21 \"-\" \"PostmanRuntime/7.54.0\"","timestamp":"2026-06-22 11:05:54"}
{"level":"debug","message":"Logger is running in development mode","timestamp":"2026-06-22 11:06:02"}
{"level":"info","message":"Server is running on port 3000... ","timestamp":"2026-06-22 11:06:02"}
{"level":"debug","message":"Logger is running in development mode","timestamp":"2026-06-22 11:06:16"}
{"level":"info","message":"Server is running on port 3000... ","timestamp":"2026-06-22 11:06:16"}
{"level":"debug","message":"Logger is running in development mode","timestamp":"2026-06-22 11:06:27"}
{"level":"info","message":"Server is running on port 3000... ","timestamp":"2026-06-22 11:06:27"}
{"level":"info","message":"::1 - - [22/Jun/2026:04:36:30 +0000] \"GET /users/ HTTP/1.1\" 404 145 \"-\" \"PostmanRuntime/7.54.0\"","timestamp":"2026-06-22 11:06:30"}
{"level":"info","message":"::1 - - [22/Jun/2026:04:36:44 +0000] \"GET /users HTTP/1.1\" 404 144 \"-\" \"PostmanRuntime/7.54.0\"","timestamp":"2026-06-22 11:06:44"}
{"level":"debug","message":"Logger is running in development mode","timestamp":"2026-06-22 11:06:58"}
{"level":"info","message":"Server is running on port 3000... ","timestamp":"2026-06-22 11:06:58"}
{"level":"debug","message":"Logger is running in development mode","timestamp":"2026-06-22 11:07:07"}
{"level":"info","message":"Server is running on port 3000... ","timestamp":"2026-06-22 11:07:07"}
{"level":"info","message":"::1 - - [22/Jun/2026:04:37:08 +0000] \"GET /api/users HTTP/1.1\" 200 21 \"-\" \"PostmanRuntime/7.54.0\"","timestamp":"2026-06-22 11:07:08"}
{"level":"debug","message":"Logger is running in development mode","timestamp":"2026-06-22 11:07:16"}
{"level":"info","message":"Server is running on port 3000... ","timestamp":"2026-06-22 11:07:16"}
{"level":"info","message":"::1 - - [22/Jun/2026:04:37:22 +0000] \"GET /users HTTP/1.1\" 200 21 \"-\" \"PostmanRuntime/7.54.0\"","timestamp":"2026-06-22 11:07:22"}
{"level":"debug","message":"Logger is running in development mode","timestamp":"2026-06-22 11:07:52"}
{"level":"info","message":"Server is running on port 3000... ","timestamp":"2026-06-22 11:07:52"}
{"level":"debug","message":"Logger is running in development mode","timestamp":"2026-06-22 11:08:00"}
{"level":"info","message":"Server is running on port 3000... ","timestamp":"2026-06-22 11:08:00"}
{"level":"debug","message":"Logger is running in development mode","timestamp":"2026-06-22 11:08:53"}
{"level":"info","message":"Server is running on port 3000... ","timestamp":"2026-06-22 11:08:53"}
{"level":"debug","message":"Logger is running in development mode","timestamp":"2026-06-22 11:08:55"}
{"level":"info","message":"Server is running on port 3000... ","timestamp":"2026-06-22 11:08:55"}
{"level":"info","message":"::1 - - [22/Jun/2026:04:38:56 +0000] \"GET /users HTTP/1.1\" 200 207 \"-\" \"PostmanRuntime/7.54.0\"","timestamp":"2026-06-22 11:08:56"}
{"level":"info","message":"::1 - - [22/Jun/2026:04:41:03 +0000] \"GET /users HTTP/1.1\" 200 207 \"-\" \"PostmanRuntime/7.54.0\"","timestamp":"2026-06-22 11:11:03"}
{"level":"debug","message":"Logger is running in development mode","timestamp":"2026-06-22 11:14:40"}
{"level":"info","message":"Server is running on port 3000... ","timestamp":"2026-06-22 11:14:40"}
{"level":"debug","message":"Logger is running in development mode","timestamp":"2026-06-22 11:16:04"}
{"level":"info","message":"Server is running on port 3000... ","timestamp":"2026-06-22 11:16:04"}
{"level":"debug","message":"Logger is running in development mode","timestamp":"2026-06-22 11:17:31"}
{"level":"info","message":"Server is running on port 3000... ","timestamp":"2026-06-22 11:17:31"}
{"level":"debug","message":"Logger is running in development mode","timestamp":"2026-06-22 11:18:25"}
{"level":"info","message":"Server is running on port 3000... ","timestamp":"2026-06-22 11:18:25"}
{"level":"info","message":"::1 - - [22/Jun/2026:04:49:17 +0000] \"GET /users/login HTTP/1.1\" 404 150 \"-\" \"PostmanRuntime/7.54.0\"","timestamp":"2026-06-22 11:19:17"}
{"level":"info","message":"::1 - - [22/Jun/2026:04:49:23 +0000] \"POST /users/login HTTP/1.1\" 200 195 \"-\" \"PostmanRuntime/7.54.0\"","timestamp":"2026-06-22 11:19:23"}
{"level":"debug","message":"Logger is running in development mode","timestamp":"2026-06-22 11:21:05"}
{"level":"info","message":"Server is running on port 3000... ","timestamp":"2026-06-22 11:21:05"}
{"level":"debug","message":"Logger is running in development mode","timestamp":"2026-06-22 11:22:27"}
{"level":"info","message":"Server is running on port 3000... ","timestamp":"2026-06-22 11:22:27"}
{"level":"debug","message":"Logger is running in development mode","timestamp":"2026-06-22 11:31:11"}
{"level":"info","message":"Server is running on port 3000... ","timestamp":"2026-06-22 11:31:12"}
{"level":"debug","message":"Logger is running in development mode","timestamp":"2026-06-22 11:31:22"}
{"level":"info","message":"Server is running on port 3000... ","timestamp":"2026-06-22 11:31:22"}
{"level":"debug","message":"Logger is running in development mode","timestamp":"2026-06-22 11:31:41"}
{"level":"info","message":"Server is running on port 3000... ","timestamp":"2026-06-22 11:31:41"}
{"level":"debug","message":"Logger is running in development mode","timestamp":"2026-06-22 11:32:26"}
{"level":"info","message":"Server is running on port 3000... ","timestamp":"2026-06-22 11:32:26"}
{"level":"debug","message":"Logger is running in development mode","timestamp":"2026-06-22 11:32:40"}
{"level":"info","message":"Server is running on port 3000... ","timestamp":"2026-06-22 11:32:41"}
{"level":"debug","message":"Logger is running in development mode","timestamp":"2026-06-22 11:32:46"}
{"level":"info","message":"Server is running on port 3000... ","timestamp":"2026-06-22 11:32:46"}
{"level":"debug","message":"Logger is running in development mode","timestamp":"2026-06-22 11:34:09"}
{"level":"info","message":"Server is running on port 3000... ","timestamp":"2026-06-22 11:34:13"}
{"level":"debug","message":"Logger is running in development mode","timestamp":"2026-06-22 11:36:03"}
{"level":"info","message":"Server is running on port 3000... ","timestamp":"2026-06-22 11:36:03"}
{"level":"debug","message":"Logger is running in development mode","timestamp":"2026-06-22 11:36:19"}
{"level":"info","message":"Server is running on port 3000... ","timestamp":"2026-06-22 11:36:19"}
{"level":"info","message":"::1 - - [22/Jun/2026:06:05:44 +0000] \"POST /users/login HTTP/1.1\" 200 482 \"-\" \"PostmanRuntime/7.54.0\"","timestamp":"2026-06-22 12:35:44"}
{"level":"info","message":"::1 - - [22/Jun/2026:06:07:07 +0000] \"POST /users/login HTTP/1.1\" 401 35 \"-\" \"PostmanRuntime/7.54.0\"","timestamp":"2026-06-22 12:37:07"}
{"level":"info","message":"::1 - - [22/Jun/2026:06:07:14 +0000] \"POST /users/login HTTP/1.1\" 200 482 \"-\" \"PostmanRuntime/7.54.0\"","timestamp":"2026-06-22 12:37:14"}
{"level":"debug","message":"Logger is running in development mode","timestamp":"2026-06-22 12:37:37"}
{"level":"info","message":"Server is running on port 3000... ","timestamp":"2026-06-22 12:37:37"}
{"level":"debug","message":"Logger is running in development mode","timestamp":"2026-06-22 12:52:57"}
{"level":"info","message":"Server is running on port 3000... ","timestamp":"2026-06-22 12:52:58"}
{"level":"debug","message":"Logger is running in development mode","timestamp":"2026-06-22 12:57:03"}
{"level":"info","message":"Server is running on port 3000... ","timestamp":"2026-06-22 12:57:03"}
{"level":"debug","message":"Logger is running in development mode","timestamp":"2026-06-22 12:57:28"}
{"level":"info","message":"Server is running on port 3000... ","timestamp":"2026-06-22 12:57:29"}
{"level":"info","message":"::1 - - [22/Jun/2026:06:27:44 +0000] \"POST /users/login HTTP/1.1\" 200 482 \"-\" \"PostmanRuntime/7.54.0\"","timestamp":"2026-06-22 12:57:44"}
{"level":"debug","message":"Logger is running in development mode","timestamp":"2026-06-22 12:59:21"}
{"level":"info","message":"Server is running on port 3000... ","timestamp":"2026-06-22 12:59:22"}
{"level":"debug","message":"Logger is running in development mode","timestamp":"2026-06-22 12:59:51"}
{"level":"info","message":"Server is running on port 3000... ","timestamp":"2026-06-22 12:59:52"}
{"level":"debug","message":"Logger is running in development mode","timestamp":"2026-06-22 13:00:59"}
{"level":"info","message":"Server is running on port 3000... ","timestamp":"2026-06-22 13:01:00"}
{"level":"debug","message":"Logger is running in development mode","timestamp":"2026-06-22 13:01:02"}
{"level":"info","message":"Server is running on port 3000... ","timestamp":"2026-06-22 13:01:03"}
{"level":"info","message":"::1 - - [22/Jun/2026:06:31:04 +0000] \"POST /users/login HTTP/1.1\" 200 456 \"-\" \"PostmanRuntime/7.54.0\"","timestamp":"2026-06-22 13:01:04"}
{"level":"debug","message":"Logger is running in development mode","timestamp":"2026-06-22 13:14:40"}
{"level":"info","message":"Server is running on port 3000... ","timestamp":"2026-06-22 13:14:41"}
{"level":"info","message":"::1 - - [22/Jun/2026:06:46:54 +0000] \"POST /users/login HTTP/1.1\" 200 456 \"-\" \"PostmanRuntime/7.54.0\"","timestamp":"2026-06-22 13:16:54"}
{"level":"info","message":"::1 - - [22/Jun/2026:06:47:02 +0000] \"GET /users/ HTTP/1.1\" 404 145 \"-\" \"PostmanRuntime/7.54.0\"","timestamp":"2026-06-22 13:17:02"}
{"level":"debug","message":"Logger is running in development mode","timestamp":"2026-06-22 13:19:04"}
{"level":"info","message":"Server is running on port 3000... ","timestamp":"2026-06-22 13:19:05"}
{"level":"info","message":"::1 - - [22/Jun/2026:06:49:13 +0000] \"POST /users/login HTTP/1.1\" 200 456 \"-\" \"PostmanRuntime/7.54.0\"","timestamp":"2026-06-22 13:19:13"}
{"level":"debug","message":"Logger is running in development mode","timestamp":"2026-06-22 13:54:58"}
{"level":"info","message":"Server is running on port 3000... ","timestamp":"2026-06-22 13:54:58"}
{"level":"debug","message":"Logger is running in development mode","timestamp":"2026-06-22 13:58:32"}
{"level":"info","message":"Server is running on port 3000... ","timestamp":"2026-06-22 13:58:32"}
{"level":"debug","message":"Logger is running in development mode","timestamp":"2026-06-22 13:58:53"}
{"level":"info","message":"Server is running on port 3000... ","timestamp":"2026-06-22 13:58:54"}
{"level":"debug","message":"Logger is running in development mode","timestamp":"2026-06-22 13:59:20"}
{"level":"info","message":"Server is running on port 3000... ","timestamp":"2026-06-22 13:59:20"}
{"level":"debug","message":"Logger is running in development mode","timestamp":"2026-06-22 14:00:39"}
{"level":"info","message":"Server is running on port 3000... ","timestamp":"2026-06-22 14:00:40"}
{"level":"debug","message":"Logger is running in development mode","timestamp":"2026-06-22 14:13:03"}
{"level":"info","message":"Server is running on port 3000... ","timestamp":"2026-06-22 14:13:03"}
{"level":"debug","message":"Logger is running in development mode","timestamp":"2026-06-22 14:13:30"}
{"level":"info","message":"Server is running on port 3000... ","timestamp":"2026-06-22 14:13:30"}
{"level":"debug","message":"Logger is running in development mode","timestamp":"2026-06-22 14:13:38"}
{"level":"info","message":"Server is running on port 3000... ","timestamp":"2026-06-22 14:13:38"}
{"level":"debug","message":"Logger is running in development mode","timestamp":"2026-06-22 14:13:50"}
{"level":"info","message":"Server is running on port 3000... ","timestamp":"2026-06-22 14:13:50"}
{"level":"debug","message":"Logger is running in development mode","timestamp":"2026-06-22 14:15:51"}
{"level":"info","message":"Server is running on port 3000... ","timestamp":"2026-06-22 14:15:51"}
{"level":"debug","message":"Logger is running in development mode","timestamp":"2026-06-22 14:16:22"}
{"level":"info","message":"Server is running on port 3000... ","timestamp":"2026-06-22 14:16:22"}
{"level":"debug","message":"Logger is running in development mode","timestamp":"2026-06-22 14:16:39"}
{"level":"info","message":"Server is running on port 3000... ","timestamp":"2026-06-22 14:16:39"}
{"level":"debug","message":"Logger is running in development mode","timestamp":"2026-06-22 14:17:12"}
{"level":"info","message":"Server is running on port 3000... ","timestamp":"2026-06-22 14:17:12"}
{"level":"debug","message":"Logger is running in development mode","timestamp":"2026-06-22 14:19:46"}
{"level":"info","message":"Server is running on port 3000... ","timestamp":"2026-06-22 14:19:46"}
{"level":"debug","message":"Logger is running in development mode","timestamp":"2026-06-22 14:20:19"}
{"level":"info","message":"Server is running on port 3000... ","timestamp":"2026-06-22 14:20:19"}
{"level":"debug","message":"Logger is running in development mode","timestamp":"2026-06-22 14:20:40"}
{"level":"info","message":"Server is running on port 3000... ","timestamp":"2026-06-22 14:20:40"}
{"level":"debug","message":"Logger is running in development mode","timestamp":"2026-06-22 14:21:09"}
{"level":"info","message":"Server is running on port 3000... ","timestamp":"2026-06-22 14:21:09"}
{"level":"debug","message":"Logger is running in development mode","timestamp":"2026-06-22 14:21:26"}
{"level":"info","message":"Server is running on port 3000... ","timestamp":"2026-06-22 14:21:26"}
{"level":"info","message":"::ffff:127.0.0.1 - - [22/Jun/2026:07:52:01 +0000] \"GET /users/profile HTTP/1.1\" 401 24 \"-\" \"PostmanRuntime/7.54.0\"","timestamp":"2026-06-22 14:22:01"}
{"level":"info","message":"::ffff:127.0.0.1 - - [22/Jun/2026:07:52:17 +0000] \"POST /users/login HTTP/1.1\" 200 456 \"-\" \"PostmanRuntime/7.54.0\"","timestamp":"2026-06-22 14:22:17"}
{"level":"info","message":"::ffff:127.0.0.1 - - [22/Jun/2026:07:53:56 +0000] \"GET /users/profile HTTP/1.1\" 404 27 \"-\" \"PostmanRuntime/7.54.0\"","timestamp":"2026-06-22 14:23:56"}
{"level":"info","message":"::ffff:127.0.0.1 - - [22/Jun/2026:07:54:40 +0000] \"POST /users/profile HTTP/1.1\" 200 114 \"-\" \"PostmanRuntime/7.54.0\"","timestamp":"2026-06-22 14:24:40"}
{"level":"debug","message":"Logger is running in development mode","timestamp":"2026-06-22 14:27:02"}
{"level":"info","message":"Server is running on port 3000... ","timestamp":"2026-06-22 14:27:02"}
{"level":"debug","message":"Logger is running in development mode","timestamp":"2026-06-22 14:27:11"}
{"level":"info","message":"Server is running on port 3000... ","timestamp":"2026-06-22 14:27:12"}
{"level":"info","message":"::ffff:127.0.0.1 - - [22/Jun/2026:07:57:14 +0000] \"POST /users/profile HTTP/1.1\" 200 456 \"-\" \"PostmanRuntime/7.54.0\"","timestamp":"2026-06-22 14:27:14"}
{"level":"debug","message":"Logger is running in development mode","timestamp":"2026-06-22 14:27:51"}
{"level":"info","message":"Server is running on port 3000... ","timestamp":"2026-06-22 14:27:51"}
{"level":"info","message":"::ffff:127.0.0.1 - - [22/Jun/2026:07:57:54 +0000] \"POST /users/profile HTTP/1.1\" 200 170 \"-\" \"PostmanRuntime/7.54.0\"","timestamp":"2026-06-22 14:27:54"}
{"level":"info","message":"::1 - - [22/Jun/2026:08:03:11 +0000] \"POST /users/profile HTTP/1.1\" 200 169 \"-\" \"PostmanRuntime/7.54.0\"","timestamp":"2026-06-22 14:33:11"}
{"level":"debug","message":"Logger is running in development mode","timestamp":"2026-06-22 14:34:57"}
{"level":"info","message":"Server is running on port 3000... ","timestamp":"2026-06-22 14:34:57"}
{"level":"debug","message":"Logger is running in development mode","timestamp":"2026-06-22 14:35:37"}
{"level":"info","message":"Server is running on port 3000... ","timestamp":"2026-06-22 14:35:37"}
{"level":"info","message":"::1 - - [22/Jun/2026:08:05:49 +0000] \"DELETE /users/profile HTTP/1.1\" 200 49 \"-\" \"PostmanRuntime/7.54.0\"","timestamp":"2026-06-22 14:35:49"}
{"level":"debug","message":"Logger is running in development mode","timestamp":"2026-06-22 14:41:07"}
{"level":"info","message":"Server is running on port 3000... ","timestamp":"2026-06-22 14:41:07"}
{"level":"debug","message":"Logger is running in development mode","timestamp":"2026-06-22 14:47:07"}
{"level":"info","message":"Server is running on port 3000... ","timestamp":"2026-06-22 14:47:07"}
{"level":"debug","message":"Logger is running in development mode","timestamp":"2026-06-22 14:47:31"}
{"level":"info","message":"Server is running on port 3000... ","timestamp":"2026-06-22 14:47:32"}
{"level":"debug","message":"Logger is running in development mode","timestamp":"2026-06-22 14:47:42"}
{"level":"info","message":"Server is running on port 3000... ","timestamp":"2026-06-22 14:47:42"}
{"level":"debug","message":"Logger is running in development mode","timestamp":"2026-06-22 14:47:47"}
{"level":"info","message":"Server is running on port 3000... ","timestamp":"2026-06-22 14:47:47"}
{"level":"debug","message":"Logger is running in development mode","timestamp":"2026-06-22 14:47:52"}
{"level":"info","message":"Server is running on port 3000... ","timestamp":"2026-06-22 14:47:52"}
{"level":"debug","message":"Logger is running in development mode","timestamp":"2026-06-22 14:48:02"}
{"level":"info","message":"Server is running on port 3000... ","timestamp":"2026-06-22 14:48:02"}
{"level":"debug","message":"Logger is running in development mode","timestamp":"2026-06-22 14:50:17"}
{"level":"info","message":"Server is running on port 3000... ","timestamp":"2026-06-22 14:50:18"}
{"level":"debug","message":"Logger is running in development mode","timestamp":"2026-06-22 14:50:25"}
{"level":"info","message":"Server is running on port 3000... ","timestamp":"2026-06-22 14:50:25"}
{"level":"debug","message":"Logger is running in development mode","timestamp":"2026-06-22 14:50:36"}
{"level":"info","message":"Server is running on port 3000... ","timestamp":"2026-06-22 14:50:36"}
{"level":"debug","message":"Logger is running in development mode","timestamp":"2026-06-22 14:50:49"}
{"level":"info","message":"Server is running on port 3000... ","timestamp":"2026-06-22 14:50:49"}
{"level":"debug","message":"Logger is running in development mode","timestamp":"2026-06-22 14:50:55"}
{"level":"info","message":"Server is running on port 3000... ","timestamp":"2026-06-22 14:50:55"}
{"level":"debug","message":"Logger is running in development mode","timestamp":"2026-06-22 14:52:28"}
{"level":"info","message":"Server is running on port 3000... ","timestamp":"2026-06-22 14:52:29"}
{"level":"debug","message":"Logger is running in development mode","timestamp":"2026-06-22 14:54:06"}
{"level":"info","message":"Server is running on port 3000... ","timestamp":"2026-06-22 14:54:07"}
{"level":"debug","message":"Logger is running in development mode","timestamp":"2026-06-22 14:54:11"}
{"level":"info","message":"Server is running on port 3000... ","timestamp":"2026-06-22 14:54:12"}
{"level":"debug","message":"Logger is running in development mode","timestamp":"2026-06-22 14:54:18"}
{"level":"info","message":"Server is running on port 3000... ","timestamp":"2026-06-22 14:54:18"}
{"level":"debug","message":"Logger is running in development mode","timestamp":"2026-06-22 14:54:38"}
{"level":"info","message":"Server is running on port 3000... ","timestamp":"2026-06-22 14:54:38"}
{"level":"debug","message":"Logger is running in development mode","timestamp":"2026-06-22 14:54:44"}
{"level":"info","message":"Server is running on port 3000... ","timestamp":"2026-06-22 14:54:45"}
{"level":"info","message":"::1 - - [22/Jun/2026:08:26:35 +0000] \"DELETE /users/profile HTTP/1.1\" 404 155 \"-\" \"PostmanRuntime/7.54.0\"","timestamp":"2026-06-22 14:56:35"}
{"level":"info","message":"::1 - - [22/Jun/2026:08:26:47 +0000] \"POST /users/profile HTTP/1.1\" 403 34 \"-\" \"PostmanRuntime/7.54.0\"","timestamp":"2026-06-22 14:56:47"}
{"level":"debug","message":"Logger is running in development mode","timestamp":"2026-06-22 15:01:42"}
{"level":"info","message":"Server is running on port 3000... ","timestamp":"2026-06-22 15:01:42"}
{"level":"info","message":"::1 - - [22/Jun/2026:08:32:53 +0000] \"GET /users/ HTTP/1.1\" 404 145 \"-\" \"PostmanRuntime/7.54.0\"","timestamp":"2026-06-22 15:02:53"}
{"level":"info","message":"::1 - - [22/Jun/2026:08:32:57 +0000] \"GET /users/ HTTP/1.1\" 404 145 \"-\" \"PostmanRuntime/7.54.0\"","timestamp":"2026-06-22 15:02:57"}
{"level":"debug","message":"Logger is running in development mode","timestamp":"2026-06-22 15:04:18"}
{"level":"info","message":"Server is running on port 3000... ","timestamp":"2026-06-22 15:04:18"}
{"level":"debug","message":"Logger is running in development mode","timestamp":"2026-06-22 15:05:28"}
{"level":"info","message":"Server is running on port 3000... ","timestamp":"2026-06-22 15:05:28"}
{"level":"debug","message":"Logger is running in development mode","timestamp":"2026-06-22 15:05:45"}
{"level":"info","message":"Server is running on port 3000... ","timestamp":"2026-06-22 15:05:45"}
{"level":"debug","message":"Logger is running in development mode","timestamp":"2026-06-22 15:06:43"}
{"level":"debug","message":"Logger is running in development mode","timestamp":"2026-06-22 15:07:26"}
{"level":"info","message":"Server is running on port 3000... ","timestamp":"2026-06-22 15:07:26"}
{"level":"debug","message":"Logger is running in development mode","timestamp":"2026-06-22 15:10:39"}
{"level":"info","message":"Server is running on port 3000... ","timestamp":"2026-06-22 15:10:39"}
{"level":"debug","message":"Logger is running in development mode","timestamp":"2026-06-22 15:10:43"}
{"level":"info","message":"Server is running on port 3000... ","timestamp":"2026-06-22 15:10:43"}
{"level":"info","message":"::1 - - [22/Jun/2026:08:40:48 +0000] \"GET /users/ HTTP/1.1\" 403 34 \"-\" \"PostmanRuntime/7.54.0\"","timestamp":"2026-06-22 15:10:48"}
{"level":"info","message":"::1 - - [22/Jun/2026:08:40:55 +0000] \"GET /users/ HTTP/1.1\" 403 34 \"-\" \"PostmanRuntime/7.54.0\"","timestamp":"2026-06-22 15:10:55"}
{"level":"info","message":"::1 - - [22/Jun/2026:08:40:59 +0000] \"GET /users/ HTTP/1.1\" 403 34 \"-\" \"PostmanRuntime/7.54.0\"","timestamp":"2026-06-22 15:10:59"}
{"level":"info","message":"::1 - - [22/Jun/2026:08:41:07 +0000] \"GET /users/ HTTP/1.1\" 403 34 \"-\" \"PostmanRuntime/7.54.0\"","timestamp":"2026-06-22 15:11:07"}
{"level":"info","message":"::1 - - [22/Jun/2026:08:41:17 +0000] \"GET /users/ HTTP/1.1\" 403 34 \"-\" \"PostmanRuntime/7.54.0\"","timestamp":"2026-06-22 15:11:17"}
{"level":"info","message":"::1 - - [22/Jun/2026:08:42:38 +0000] \"GET /users/login/user HTTP/1.1\" 404 25 \"-\" \"PostmanRuntime/7.54.0\"","timestamp":"2026-06-22 15:12:38"}
{"level":"info","message":"::1 - - [22/Jun/2026:08:43:03 +0000] \"GET /users/login HTTP/1.1\" 404 25 \"-\" \"PostmanRuntime/7.54.0\"","timestamp":"2026-06-22 15:13:03"}
{"level":"info","message":"::1 - - [22/Jun/2026:08:43:09 +0000] \"POST /users/login HTTP/1.1\" 200 456 \"-\" \"PostmanRuntime/7.54.0\"","timestamp":"2026-06-22 15:13:09"}
{"level":"info","message":"::1 - - [22/Jun/2026:08:43:59 +0000] \"POST /users/ HTTP/1.1\" 404 25 \"-\" \"PostmanRuntime/7.54.0\"","timestamp":"2026-06-22 15:13:59"}
{"level":"debug","message":"Logger is running in development mode","timestamp":"2026-06-22 15:14:44"}
{"level":"info","message":"Server is running on port 3000... ","timestamp":"2026-06-22 15:14:44"}
{"level":"info","message":"::1 - - [22/Jun/2026:08:44:57 +0000] \"POST /users/login HTTP/1.1\" 200 456 \"-\" \"PostmanRuntime/7.54.0\"","timestamp":"2026-06-22 15:14:57"}
{"level":"info","message":"::1 - - [22/Jun/2026:08:45:38 +0000] \"POST /users/refresh HTTP/1.1\" 400 1198 \"-\" \"PostmanRuntime/7.54.0\"","timestamp":"2026-06-22 15:15:38"}
{"level":"debug","message":"Logger is running in development mode","timestamp":"2026-06-22 15:21:06"}
{"level":"info","message":"Server is running on port 3000... ","timestamp":"2026-06-22 15:21:06"}
{"level":"info","message":"::1 - - [22/Jun/2026:08:55:09 +0000] \"POST /users/refresh HTTP/1.1\" 400 1198 \"-\" \"PostmanRuntime/7.54.0\"","timestamp":"2026-06-22 15:25:09"}
{"level":"info","message":"::1 - - [22/Jun/2026:08:55:14 +0000] \"POST /users/refresh HTTP/1.1\" 400 1198 \"-\" \"PostmanRuntime/7.54.0\"","timestamp":"2026-06-22 15:25:14"}
{"level":"info","message":"::1 - - [22/Jun/2026:08:55:16 +0000] \"POST /users/refresh HTTP/1.1\" 400 1198 \"-\" \"PostmanRuntime/7.54.0\"","timestamp":"2026-06-22 15:25:16"}
{"level":"info","message":"::1 - - [22/Jun/2026:08:55:29 +0000] \"POST /users/login HTTP/1.1\" 400 1198 \"-\" \"PostmanRuntime/7.54.0\"","timestamp":"2026-06-22 15:25:29"}
{"level":"info","message":"::1 - - [22/Jun/2026:08:55:49 +0000] \"POST /users/login HTTP/1.1\" 200 456 \"-\" \"PostmanRuntime/7.54.0\"","timestamp":"2026-06-22 15:25:49"}
{"level":"info","message":"::1 - - [22/Jun/2026:08:56:08 +0000] \"GET /users/profile HTTP/1.1\" 403 34 \"-\" \"PostmanRuntime/7.54.0\"","timestamp":"2026-06-22 15:26:08"}
{"level":"info","message":"::1 - - [22/Jun/2026:08:56:20 +0000] \"POST /users/login HTTP/1.1\" 200 456 \"-\" \"PostmanRuntime/7.54.0\"","timestamp":"2026-06-22 15:26:20"}
{"level":"info","message":"::1 - - [22/Jun/2026:08:56:39 +0000] \"GET /users/profile HTTP/1.1\" 403 34 \"-\" \"PostmanRuntime/7.54.0\"","timestamp":"2026-06-22 15:26:39"}
{"level":"info","message":"::1 - - [22/Jun/2026:08:57:09 +0000] \"GET /users/profile HTTP/1.1\" 400 1198 \"-\" \"PostmanRuntime/7.54.0\"","timestamp":"2026-06-22 15:27:09"}
{"level":"info","message":"::1 - - [22/Jun/2026:08:58:46 +0000] \"GET /users/profile HTTP/1.1\" 400 1198 \"-\" \"PostmanRuntime/7.54.0\"","timestamp":"2026-06-22 15:28:46"}
{"level":"info","message":"::1 - - [22/Jun/2026:08:59:09 +0000] \"POST /users/ HTTP/1.1\" 400 1198 \"-\" \"PostmanRuntime/7.54.0\"","timestamp":"2026-06-22 15:29:09"}
{"level":"info","message":"::1 - - [22/Jun/2026:09:01:15 +0000] \"POST /users/ HTTP/1.1\" 404 25 \"-\" \"PostmanRuntime/7.54.0\"","timestamp":"2026-06-22 15:31:15"}
{"level":"info","message":"::1 - - [22/Jun/2026:09:01:26 +0000] \"POST /users/ HTTP/1.1\" 404 25 \"-\" \"PostmanRuntime/7.54.0\"","timestamp":"2026-06-22 15:31:26"}
{"level":"info","message":"::1 - - [22/Jun/2026:09:01:41 +0000] \"POST /users/ HTTP/1.1\" 404 25 \"-\" \"PostmanRuntime/7.54.0\"","timestamp":"2026-06-22 15:31:41"}
{"level":"debug","message":"Logger is running in development mode","timestamp":"2026-06-22 15:31:57"}
{"level":"info","message":"Server is running on port 3000... ","timestamp":"2026-06-22 15:31:58"}
{"level":"info","message":"::1 - - [22/Jun/2026:09:02:00 +0000] \"POST /users/ HTTP/1.1\" 404 25 \"-\" \"PostmanRuntime/7.54.0\"","timestamp":"2026-06-22 15:32:00"}
{"level":"info","message":"::1 - - [22/Jun/2026:09:04:14 +0000] \"POST /users/ HTTP/1.1\" 404 25 \"-\" \"PostmanRuntime/7.54.0\"","timestamp":"2026-06-22 15:34:14"}
{"level":"info","message":"::1 - - [22/Jun/2026:09:05:25 +0000] \"POST /users/ HTTP/1.1\" 404 25 \"-\" \"PostmanRuntime/7.54.0\"","timestamp":"2026-06-22 15:35:25"}
{"level":"info","message":"::1 - - [22/Jun/2026:09:05:31 +0000] \"POST /users/ HTTP/1.1\" 404 25 \"-\" \"PostmanRuntime/7.54.0\"","timestamp":"2026-06-22 15:35:31"}
{"level":"info","message":"::1 - - [22/Jun/2026:09:05:49 +0000] \"POST /users/ HTTP/1.1\" 404 25 \"-\" \"PostmanRuntime/7.54.0\"","timestamp":"2026-06-22 15:35:49"}
{"level":"info","message":"::1 - - [22/Jun/2026:09:06:01 +0000] \"POST /users/ HTTP/1.1\" 404 25 \"-\" \"PostmanRuntime/7.54.0\"","timestamp":"2026-06-22 15:36:01"}
{"level":"info","message":"::1 - - [22/Jun/2026:09:06:17 +0000] \"POST /users/ HTTP/1.1\" 404 25 \"-\" \"PostmanRuntime/7.54.0\"","timestamp":"2026-06-22 15:36:17"}
{"level":"debug","message":"Logger is running in development mode","timestamp":"2026-06-22 15:36:32"}
{"level":"info","message":"Server is running on port 3000... ","timestamp":"2026-06-22 15:36:33"}
{"level":"info","message":"::1 - - [22/Jun/2026:09:06:37 +0000] \"POST /users/ HTTP/1.1\" 404 25 \"-\" \"PostmanRuntime/7.54.0\"","timestamp":"2026-06-22 15:36:37"}
{"level":"info","message":"::1 - - [22/Jun/2026:09:06:47 +0000] \"GET /users/ HTTP/1.1\" 404 25 \"-\" \"PostmanRuntime/7.54.0\"","timestamp":"2026-06-22 15:36:47"}
{"level":"info","message":"::1 - - [22/Jun/2026:09:06:53 +0000] \"POST /users/ HTTP/1.1\" 404 25 \"-\" \"PostmanRuntime/7.54.0\"","timestamp":"2026-06-22 15:36:53"}
{"level":"info","message":"::1 - - [22/Jun/2026:09:07:06 +0000] \"POST /users/ HTTP/1.1\" 404 25 \"-\" \"PostmanRuntime/7.54.0\"","timestamp":"2026-06-22 15:37:06"}
{"level":"debug","message":"Logger is running in development mode","timestamp":"2026-06-22 15:37:16"}
{"level":"info","message":"Server is running on port 3000... ","timestamp":"2026-06-22 15:37:16"}
{"level":"info","message":"::1 - - [22/Jun/2026:09:08:17 +0000] \"POST /users/ HTTP/1.1\" 404 25 \"-\" \"PostmanRuntime/7.54.0\"","timestamp":"2026-06-22 15:38:17"}
{"level":"info","message":"::1 - - [22/Jun/2026:09:09:58 +0000] \"GET / HTTP/1.1\" 404 25 \"-\" \"Mozilla/5.0 (Windows NT 10.0; Win64; x64) AppleWebKit/537.36 (KHTML, like Gecko) Chrome/149.0.0.0 Safari/537.36\"","timestamp":"2026-06-22 15:39:58"}
{"level":"info","message":"::1 - - [22/Jun/2026:09:09:59 +0000] \"GET / HTTP/1.1\" 404 25 \"-\" \"Mozilla/5.0 (Windows NT 10.0; Win64; x64) AppleWebKit/537.36 (KHTML, like Gecko) Chrome/149.0.0.0 Safari/537.36\"","timestamp":"2026-06-22 15:39:59"}
{"level":"info","message":"::1 - - [22/Jun/2026:09:10:05 +0000] \"GET / HTTP/1.1\" 404 25 \"-\" \"Mozilla/5.0 (Windows NT 10.0; Win64; x64) AppleWebKit/537.36 (KHTML, like Gecko) Chrome/149.0.0.0 Safari/537.36\"","timestamp":"2026-06-22 15:40:05"}
{"level":"info","message":"::1 - - [22/Jun/2026:09:10:31 +0000] \"GET /home HTTP/1.1\" 404 25 \"-\" \"Mozilla/5.0 (Windows NT 10.0; Win64; x64) AppleWebKit/537.36 (KHTML, like Gecko) Chrome/149.0.0.0 Safari/537.36\"","timestamp":"2026-06-22 15:40:31"}
{"level":"info","message":"::1 - - [22/Jun/2026:09:10:34 +0000] \"GET /home HTTP/1.1\" 404 25 \"-\" \"Mozilla/5.0 (Windows NT 10.0; Win64; x64) AppleWebKit/537.36 (KHTML, like Gecko) Chrome/149.0.0.0 Safari/537.36\"","timestamp":"2026-06-22 15:40:34"}
{"level":"debug","message":"Logger is running in development mode","timestamp":"2026-06-22 15:42:57"}
{"level":"info","message":"Server is running on port 3000... ","timestamp":"2026-06-22 15:42:57"}
{"level":"debug","message":"Logger is running in development mode","timestamp":"2026-06-22 15:43:05"}
{"level":"info","message":"Server is running on port 3000... ","timestamp":"2026-06-22 15:43:06"}
{"level":"info","message":"::1 - - [22/Jun/2026:09:13:09 +0000] \"POST /users/ HTTP/1.1\" 404 25 \"-\" \"PostmanRuntime/7.54.0\"","timestamp":"2026-06-22 15:43:09"}
{"level":"info","message":"::1 - - [22/Jun/2026:09:13:12 +0000] \"POST /users/ HTTP/1.1\" 404 25 \"-\" \"PostmanRuntime/7.54.0\"","timestamp":"2026-06-22 15:43:12"}
{"level":"debug","message":"Logger is running in development mode","timestamp":"2026-06-22 15:43:24"}
{"level":"info","message":"Server is running on port 3000... ","timestamp":"2026-06-22 15:43:24"}
{"level":"info","message":"::1 - - [22/Jun/2026:09:13:26 +0000] \"POST /users/ HTTP/1.1\" 404 146 \"-\" \"PostmanRuntime/7.54.0\"","timestamp":"2026-06-22 15:43:26"}
{"level":"debug","message":"Logger is running in development mode","timestamp":"2026-06-22 15:43:35"}
{"level":"info","message":"Server is running on port 3000... ","timestamp":"2026-06-22 15:43:35"}
{"level":"info","message":"::1 - - [22/Jun/2026:09:13:36 +0000] \"POST /users/ HTTP/1.1\" 404 25 \"-\" \"PostmanRuntime/7.54.0\"","timestamp":"2026-06-22 15:43:36"}
{"level":"info","message":"::1 - - [22/Jun/2026:09:13:52 +0000] \"GET /home HTTP/1.1\" 404 25 \"-\" \"Mozilla/5.0 (Windows NT 10.0; Win64; x64) AppleWebKit/537.36 (KHTML, like Gecko) Chrome/149.0.0.0 Safari/537.36\"","timestamp":"2026-06-22 15:43:52"}
{"level":"info","message":"::1 - - [22/Jun/2026:09:13:53 +0000] \"GET /home HTTP/1.1\" 404 25 \"-\" \"Mozilla/5.0 (Windows NT 10.0; Win64; x64) AppleWebKit/537.36 (KHTML, like Gecko) Chrome/149.0.0.0 Safari/537.36\"","timestamp":"2026-06-22 15:43:53"}
{"level":"info","message":"::1 - - [22/Jun/2026:09:13:53 +0000] \"GET /home HTTP/1.1\" 404 25 \"-\" \"Mozilla/5.0 (Windows NT 10.0; Win64; x64) AppleWebKit/537.36 (KHTML, like Gecko) Chrome/149.0.0.0 Safari/537.36\"","timestamp":"2026-06-22 15:43:53"}
{"level":"info","message":"::1 - - [22/Jun/2026:09:13:53 +0000] \"GET /home HTTP/1.1\" 404 25 \"-\" \"Mozilla/5.0 (Windows NT 10.0; Win64; x64) AppleWebKit/537.36 (KHTML, like Gecko) Chrome/149.0.0.0 Safari/537.36\"","timestamp":"2026-06-22 15:43:53"}
{"level":"info","message":"::1 - - [22/Jun/2026:09:13:53 +0000] \"GET /home HTTP/1.1\" 404 25 \"-\" \"Mozilla/5.0 (Windows NT 10.0; Win64; x64) AppleWebKit/537.36 (KHTML, like Gecko) Chrome/149.0.0.0 Safari/537.36\"","timestamp":"2026-06-22 15:43:53"}
{"level":"info","message":"::1 - - [22/Jun/2026:09:13:53 +0000] \"GET /home HTTP/1.1\" 404 25 \"-\" \"Mozilla/5.0 (Windows NT 10.0; Win64; x64) AppleWebKit/537.36 (KHTML, like Gecko) Chrome/149.0.0.0 Safari/537.36\"","timestamp":"2026-06-22 15:43:53"}
{"level":"info","message":"::1 - - [22/Jun/2026:09:14:04 +0000] \"GET / HTTP/1.1\" 200 40 \"-\" \"Mozilla/5.0 (Windows NT 10.0; Win64; x64) AppleWebKit/537.36 (KHTML, like Gecko) Chrome/149.0.0.0 Safari/537.36\"","timestamp":"2026-06-22 15:44:04"}
{"level":"info","message":"::1 - - [22/Jun/2026:09:14:15 +0000] \"POST /users/ HTTP/1.1\" 404 25 \"-\" \"PostmanRuntime/7.54.0\"","timestamp":"2026-06-22 15:44:15"}
{"level":"info","message":"::1 - - [22/Jun/2026:09:14:24 +0000] \"GET /users/profile HTTP/1.1\" 401 24 \"-\" \"Mozilla/5.0 (Windows NT 10.0; Win64; x64) AppleWebKit/537.36 (KHTML, like Gecko) Chrome/149.0.0.0 Safari/537.36\"","timestamp":"2026-06-22 15:44:24"}
{"level":"info","message":"::1 - - [22/Jun/2026:09:14:46 +0000] \"POST /users/ HTTP/1.1\" 404 25 \"-\" \"PostmanRuntime/7.54.0\"","timestamp":"2026-06-22 15:44:46"}
{"level":"info","message":"::1 - - [22/Jun/2026:09:14:58 +0000] \"POST /users/profile HTTP/1.1\" 403 34 \"-\" \"PostmanRuntime/7.54.0\"","timestamp":"2026-06-22 15:44:58"}
{"level":"info","message":"::1 - - [22/Jun/2026:09:15:06 +0000] \"GET /users/profile HTTP/1.1\" 403 34 \"-\" \"PostmanRuntime/7.54.0\"","timestamp":"2026-06-22 15:45:06"}
{"level":"info","message":"::1 - - [22/Jun/2026:09:15:21 +0000] \"POST /users/login HTTP/1.1\" 200 456 \"-\" \"PostmanRuntime/7.54.0\"","timestamp":"2026-06-22 15:45:21"}
{"level":"info","message":"::1 - - [22/Jun/2026:09:17:12 +0000] \"POST /users/profile HTTP/1.1\" 401 24 \"-\" \"PostmanRuntime/7.54.0\"","timestamp":"2026-06-22 15:47:12"}
{"level":"info","message":"::1 - - [22/Jun/2026:09:17:20 +0000] \"POST /users/login HTTP/1.1\" 500 22 \"-\" \"PostmanRuntime/7.54.0\"","timestamp":"2026-06-22 15:47:20"}
{"level":"info","message":"::1 - - [22/Jun/2026:09:17:27 +0000] \"POST /users/login HTTP/1.1\" 500 22 \"-\" \"PostmanRuntime/7.54.0\"","timestamp":"2026-06-22 15:47:27"}
{"level":"info","message":"::1 - - [22/Jun/2026:09:17:52 +0000] \"POST /users/login HTTP/1.1\" 500 22 \"-\" \"PostmanRuntime/7.54.0\"","timestamp":"2026-06-22 15:47:52"}
{"level":"info","message":"::1 - - [22/Jun/2026:09:18:15 +0000] \"POST /users/login HTTP/1.1\" 200 456 \"-\" \"PostmanRuntime/7.54.0\"","timestamp":"2026-06-22 15:48:15"}
{"level":"debug","message":"Logger is running in development mode","timestamp":"2026-06-22 15:48:51"}
{"level":"info","message":"Server is running on port 3000... ","timestamp":"2026-06-22 15:48:52"}
{"level":"info","message":"::1 - - [22/Jun/2026:09:18:57 +0000] \"POST /users/login HTTP/1.1\" 500 41 \"-\" \"PostmanRuntime/7.54.0\"","timestamp":"2026-06-22 15:48:57"}
{"level":"info","message":"::1 - - [22/Jun/2026:09:19:04 +0000] \"POST /users/login HTTP/1.1\" 200 456 \"-\" \"PostmanRuntime/7.54.0\"","timestamp":"2026-06-22 15:49:04"}
{"level":"info","message":"::1 - - [22/Jun/2026:09:19:11 +0000] \"POST /users/login HTTP/1.1\" 200 456 \"-\" \"PostmanRuntime/7.54.0\"","timestamp":"2026-06-22 15:49:11"}
{"level":"info","message":"::1 - - [22/Jun/2026:09:19:19 +0000] \"GET /users/login HTTP/1.1\" 404 25 \"-\" \"PostmanRuntime/7.54.0\"","timestamp":"2026-06-22 15:49:19"}
{"level":"info","message":"::1 - - [22/Jun/2026:09:19:28 +0000] \"GET /users/login HTTP/1.1\" 404 25 \"-\" \"PostmanRuntime/7.54.0\"","timestamp":"2026-06-22 15:49:28"}
{"level":"info","message":"::1 - - [22/Jun/2026:09:19:36 +0000] \"GET /users/ HTTP/1.1\" 404 25 \"-\" \"PostmanRuntime/7.54.0\"","timestamp":"2026-06-22 15:49:36"}
{"level":"info","message":"::1 - - [22/Jun/2026:09:19:40 +0000] \"GET /users/ HTTP/1.1\" 404 25 \"-\" \"PostmanRuntime/7.54.0\"","timestamp":"2026-06-22 15:49:40"}
{"level":"info","message":"::1 - - [22/Jun/2026:09:19:57 +0000] \"POST /users/refresh HTTP/1.1\" 401 32 \"-\" \"PostmanRuntime/7.54.0\"","timestamp":"2026-06-22 15:49:57"}
{"level":"info","message":"::1 - - [22/Jun/2026:09:20:02 +0000] \"POST /users/login HTTP/1.1\" 200 456 \"-\" \"PostmanRuntime/7.54.0\"","timestamp":"2026-06-22 15:50:02"}
{"level":"info","message":"::1 - - [22/Jun/2026:09:20:38 +0000] \"POST /users/refresh HTTP/1.1\" 400 1250 \"-\" \"PostmanRuntime/7.54.0\"","timestamp":"2026-06-22 15:50:38"}
{"level":"info","message":"::1 - - [22/Jun/2026:09:21:02 +0000] \"POST /users/refresh HTTP/1.1\" 200 155 \"-\" \"PostmanRuntime/7.54.0\"","timestamp":"2026-06-22 15:51:02"}
{"level":"info","message":"::1 - - [22/Jun/2026:09:21:19 +0000] \"GET /users/profile HTTP/1.1\" 401 24 \"-\" \"PostmanRuntime/7.54.0\"","timestamp":"2026-06-22 15:51:19"}
{"level":"info","message":"::1 - - [22/Jun/2026:09:21:40 +0000] \"GET /users/profile HTTP/1.1\" 403 34 \"-\" \"PostmanRuntime/7.54.0\"","timestamp":"2026-06-22 15:51:40"}
{"level":"info","message":"::1 - - [22/Jun/2026:09:21:47 +0000] \"GET /users/profile HTTP/1.1\" 403 34 \"-\" \"PostmanRuntime/7.54.0\"","timestamp":"2026-06-22 15:51:47"}
{"level":"info","message":"::1 - - [22/Jun/2026:09:22:16 +0000] \"POST /users/refresh HTTP/1.1\" 200 155 \"-\" \"PostmanRuntime/7.54.0\"","timestamp":"2026-06-22 15:52:16"}
{"level":"info","message":"::1 - - [22/Jun/2026:09:22:40 +0000] \"GET /users/profile HTTP/1.1\" 500 767 \"-\" \"PostmanRuntime/7.54.0\"","timestamp":"2026-06-22 15:52:40"}
{"level":"info","message":"::1 - - [22/Jun/2026:09:22:43 +0000] \"GET /users/profile HTTP/1.1\" 500 767 \"-\" \"PostmanRuntime/7.54.0\"","timestamp":"2026-06-22 15:52:43"}
{"level":"info","message":"::1 - - [22/Jun/2026:09:22:58 +0000] \"GET /users/profile HTTP/1.1\" 500 767 \"-\" \"PostmanRuntime/7.54.0\"","timestamp":"2026-06-22 15:52:58"}
{"level":"info","message":"::1 - - [22/Jun/2026:09:23:16 +0000] \"GET /users/profile HTTP/1.1\" 500 767 \"-\" \"PostmanRuntime/7.54.0\"","timestamp":"2026-06-22 15:53:16"}
{"level":"info","message":"::ffff:127.0.0.1 - - [22/Jun/2026:09:25:10 +0000] \"POST /users/refresh HTTP/1.1\" 401 32 \"-\" \"PostmanRuntime/7.54.0\"","timestamp":"2026-06-22 15:55:10"}
